<?xml version="1.0" encoding="UTF-8"?>
<!-- Generated by org.testng.reporters.JUnitXMLReporter -->
<testsuite ignored="2" hostname="DESKTOP-IKMUG17" failures="0" tests="0" time="0.007" errors="0" timestamp="2026-06-16T17:24:18 IST">
  <testcase classname="testCases.TC001_AccountRegTest" name="verify_Acc_registration" time="0.0">
    <ignored/>
  </testcase> <!-- verify_Acc_registration -->
  <testcase classname="testCases.TC002_LoginTest" name="verify_login" time="0.0">
    <ignored/>
  </testcase> <!-- verify_login -->
</testsuite>
