<?xml version="1.0" encoding="UTF-8"?>
<!-- Generated by org.testng.reporters.JUnitXMLReporter -->
<testsuite ignored="0" hostname="DESKTOP-IKMUG17" failures="0" tests="1" name="Test3" time="0.111" errors="0" timestamp="2026-06-13T22:06:41 IST">
  <testcase classname="testCases.Baseclass" name="@BeforeClass setup" time="-1.781368601802E9">
    <failure type="org.testng.TestNGException" message="
Method setup requires 1 parameters but 2 were supplied in the BeforeClass annotation.">
      <![CDATA[org.testng.TestNGException: 
Method setup requires 1 parameters but 2 were supplied in the BeforeClass annotation.
at java.base/java.util.ArrayList.forEach(ArrayList.java:1596)
at java.base/java.util.concurrent.FutureTask.run(FutureTask.java:317)
at java.base/java.util.concurrent.ThreadPoolExecutor.runWorker(ThreadPoolExecutor.java:1144)
at java.base/java.util.concurrent.ThreadPoolExecutor$Worker.run(ThreadPoolExecutor.java:642)
at java.base/java.lang.Thread.run(Thread.java:1583)
... Removed 12 stack frames]]>
    </failure>
  </testcase> <!-- @BeforeClass setup -->
  <testcase classname="testCases.Baseclass" name="@AfterClass teardown" time="0.0">
    <skipped/>
  </testcase> <!-- @AfterClass teardown -->
  <testcase classname="testCases.TC001_AccountRegTest" name="verify_Acc_registration" time="0.001">
    <skipped/>
  </testcase> <!-- verify_Acc_registration -->
</testsuite> <!-- Test3 -->
