<?xml version="1.0" encoding="UTF-8"?>
<testng-results ignored="0" total="2" passed="2" failed="0" skipped="0">
  <reporter-output>
  </reporter-output>
  <suite started-at="2026-06-23T13:43:32 IST" name="Suite" finished-at="2026-06-23T13:43:46 IST" duration-ms="14505">
    <groups>
      <group name="Master">
        <method signature="TC001_AccountRegTest.verify_Acc_registration()[pri:0, instance:testCases.TC001_AccountRegTest@5dd1c9f2]" name="verify_Acc_registration" class="testCases.TC001_AccountRegTest"/>
        <method signature="TC002_LoginTest.verify_login()[pri:0, instance:testCases.TC002_LoginTest@324a0017]" name="verify_login" class="testCases.TC002_LoginTest"/>
      </group> <!-- Master -->
      <group name="Sanity">
        <method signature="TC002_LoginTest.verify_login()[pri:0, instance:testCases.TC002_LoginTest@324a0017]" name="verify_login" class="testCases.TC002_LoginTest"/>
      </group> <!-- Sanity -->
      <group name="Regression">
        <method signature="TC001_AccountRegTest.verify_Acc_registration()[pri:0, instance:testCases.TC001_AccountRegTest@5dd1c9f2]" name="verify_Acc_registration" class="testCases.TC001_AccountRegTest"/>
      </group> <!-- Regression -->
    </groups>
    <test started-at="2026-06-23T13:43:32 IST" name="Test" finished-at="2026-06-23T13:43:46 IST" duration-ms="14505">
      <class name="testCases.TC002_LoginTest">
        <test-method is-config="true" signature="setup(java.lang.String,java.lang.String)[pri:0, instance:testCases.TC002_LoginTest@324a0017]" started-at="2026-06-23T13:43:40 IST" name="setup" finished-at="2026-06-23T13:43:42 IST" duration-ms="1460" status="PASS">
          <params>
            <param index="0">
              <value>
                <![CDATA[chrome]]>
              </value>
            </param>
            <param index="1">
              <value>
                <![CDATA[Windows]]>
              </value>
            </param>
          </params>
          <reporter-output>
          </reporter-output>
        </test-method> <!-- setup -->
        <test-method signature="verify_login()[pri:0, instance:testCases.TC002_LoginTest@324a0017]" started-at="2026-06-23T13:43:42 IST" name="verify_login" finished-at="2026-06-23T13:43:44 IST" duration-ms="2446" status="PASS">
          <reporter-output>
          </reporter-output>
        </test-method> <!-- verify_login -->
        <test-method is-config="true" signature="teardown()[pri:0, instance:testCases.TC002_LoginTest@324a0017]" started-at="2026-06-23T13:43:44 IST" name="teardown" finished-at="2026-06-23T13:43:46 IST" duration-ms="2175" status="PASS">
          <reporter-output>
          </reporter-output>
        </test-method> <!-- teardown -->
      </class> <!-- testCases.TC002_LoginTest -->
      <class name="testCases.TC001_AccountRegTest">
        <test-method is-config="true" signature="setup(java.lang.String,java.lang.String)[pri:0, instance:testCases.TC001_AccountRegTest@5dd1c9f2]" started-at="2026-06-23T13:43:32 IST" name="setup" finished-at="2026-06-23T13:43:35 IST" duration-ms="2760" status="PASS">
          <params>
            <param index="0">
              <value>
                <![CDATA[chrome]]>
              </value>
            </param>
            <param index="1">
              <value>
                <![CDATA[Windows]]>
              </value>
            </param>
          </params>
          <reporter-output>
          </reporter-output>
        </test-method> <!-- setup -->
        <test-method signature="verify_Acc_registration()[pri:0, instance:testCases.TC001_AccountRegTest@5dd1c9f2]" started-at="2026-06-23T13:43:35 IST" name="verify_Acc_registration" finished-at="2026-06-23T13:43:36 IST" duration-ms="1765" status="PASS">
          <reporter-output>
          </reporter-output>
        </test-method> <!-- verify_Acc_registration -->
        <test-method is-config="true" signature="teardown()[pri:0, instance:testCases.TC001_AccountRegTest@5dd1c9f2]" started-at="2026-06-23T13:43:37 IST" name="teardown" finished-at="2026-06-23T13:43:40 IST" duration-ms="3705" status="PASS">
          <reporter-output>
          </reporter-output>
        </test-method> <!-- teardown -->
      </class> <!-- testCases.TC001_AccountRegTest -->
    </test> <!-- Test -->
  </suite> <!-- Suite -->
</testng-results>
