<?xml version="1.0" encoding="UTF-8"?>
<testng-results ignored="0" total="2" passed="2" failed="0" skipped="0">
  <reporter-output>
  </reporter-output>
  <suite started-at="2026-06-23T14:06:45 IST" name="Suite" finished-at="2026-06-23T14:06:57 IST" duration-ms="12143">
    <groups>
      <group name="Master">
        <method signature="TC001_AccountRegTest.verify_Acc_registration()[pri:0, instance:testCases.TC001_AccountRegTest@77d2e85]" name="verify_Acc_registration" class="testCases.TC001_AccountRegTest"/>
        <method signature="TC002_LoginTest.verify_login()[pri:0, instance:testCases.TC002_LoginTest@555cf22]" name="verify_login" class="testCases.TC002_LoginTest"/>
      </group> <!-- Master -->
      <group name="Sanity">
        <method signature="TC002_LoginTest.verify_login()[pri:0, instance:testCases.TC002_LoginTest@555cf22]" name="verify_login" class="testCases.TC002_LoginTest"/>
      </group> <!-- Sanity -->
      <group name="Regression">
        <method signature="TC001_AccountRegTest.verify_Acc_registration()[pri:0, instance:testCases.TC001_AccountRegTest@77d2e85]" name="verify_Acc_registration" class="testCases.TC001_AccountRegTest"/>
      </group> <!-- Regression -->
    </groups>
    <test started-at="2026-06-23T14:06:45 IST" name="Test" finished-at="2026-06-23T14:06:57 IST" duration-ms="12143">
      <class name="testCases.TC002_LoginTest">
        <test-method is-config="true" signature="setup(java.lang.String,java.lang.String)[pri:0, instance:testCases.TC002_LoginTest@555cf22]" started-at="2026-06-23T14:06:52 IST" name="setup" finished-at="2026-06-23T14:06:53 IST" duration-ms="1530" status="PASS">
          <params>
            <param index="0">
              <value>
                <![CDATA[chrome]]>
              </value>
            </param>
            <param index="1">
              <value>
                <![CDATA[Windows]]>
              </value>
            </param>
          </params>
          <reporter-output>
          </reporter-output>
        </test-method> <!-- setup -->
        <test-method signature="verify_login()[pri:0, instance:testCases.TC002_LoginTest@555cf22]" started-at="2026-06-23T14:06:53 IST" name="verify_login" finished-at="2026-06-23T14:06:55 IST" duration-ms="1572" status="PASS">
          <reporter-output>
          </reporter-output>
        </test-method> <!-- verify_login -->
        <test-method is-config="true" signature="teardown()[pri:0, instance:testCases.TC002_LoginTest@555cf22]" started-at="2026-06-23T14:06:55 IST" name="teardown" finished-at="2026-06-23T14:06:57 IST" duration-ms="2293" status="PASS">
          <reporter-output>
          </reporter-output>
        </test-method> <!-- teardown -->
      </class> <!-- testCases.TC002_LoginTest -->
      <class name="testCases.TC001_AccountRegTest">
        <test-method is-config="true" signature="setup(java.lang.String,java.lang.String)[pri:0, instance:testCases.TC001_AccountRegTest@77d2e85]" started-at="2026-06-23T14:06:45 IST" name="setup" finished-at="2026-06-23T14:06:47 IST" duration-ms="2010" status="PASS">
          <params>
            <param index="0">
              <value>
                <![CDATA[chrome]]>
              </value>
            </param>
            <param index="1">
              <value>
                <![CDATA[Windows]]>
              </value>
            </param>
          </params>
          <reporter-output>
          </reporter-output>
        </test-method> <!-- setup -->
        <test-method signature="verify_Acc_registration()[pri:0, instance:testCases.TC001_AccountRegTest@77d2e85]" started-at="2026-06-23T14:06:47 IST" name="verify_Acc_registration" finished-at="2026-06-23T14:06:50 IST" duration-ms="2284" status="PASS">
          <reporter-output>
          </reporter-output>
        </test-method> <!-- verify_Acc_registration -->
        <test-method is-config="true" signature="teardown()[pri:0, instance:testCases.TC001_AccountRegTest@77d2e85]" started-at="2026-06-23T14:06:50 IST" name="teardown" finished-at="2026-06-23T14:06:52 IST" duration-ms="2229" status="PASS">
          <reporter-output>
          </reporter-output>
        </test-method> <!-- teardown -->
      </class> <!-- testCases.TC001_AccountRegTest -->
    </test> <!-- Test -->
  </suite> <!-- Suite -->
</testng-results>
